<?xml version="1.0" encoding="UTF-8"?>
<!-- Generated by org.testng.reporters.JUnitReportReporter -->
<testsuite skipped="0" hostname="LAPTOP-PTRHG6NR" name="com.crm.Newtest" tests="1" failures="0" timestamp="10 Mar 2022 09:54:21 GMT" time="0.022" errors="0">
  <testcase name="testnew" time="0.022" classname="com.crm.Newtest"/>
</testsuite> <!-- com.crm.Newtest -->
